<?xml version="1.0" encoding="UTF-8"?>
<testsuite xmlns:xsi="http://www.w3.org/2001/XMLSchema-instance" xsi:noNamespaceSchemaLocation="https://maven.apache.org/surefire/maven-surefire-plugin/xsd/surefire-test-report.xsd" version="3.0.2" name="at.ikic.tradingPlatform.TradingPlatformApplicationTests" time="3.238" tests="1" errors="0" skipped="0" failures="0">
  <properties>
[...]
</properties>
  <testcase name="contextLoads" classname="at.ikic.tradingPlatform.TradingPlatformApplicationTests" time="0.343">
    <system-out><![CDATA[21:34:55.565 [main] INFO org.springframework.test.context.support.AnnotationConfigContextLoaderUtils -- Could not detect default configuration classes for test class [at.ikic.tradingPlatform.TradingPlatformApplicationTests]: TradingPlatformApplicationTests does not declare any static, non-private, non-final, nested classes annotated with @Configuration.
21:34:55.622 [main] INFO org.springframework.boot.test.context.SpringBootTestContextBootstrapper -- Found @SpringBootConfiguration at.ikic.tradingPlatform.TradingPlatformApplication for test class at.ikic.tradingPlatform.TradingPlatformApplicationTests
21:34:55.691 [main] INFO org.springframework.boot.devtools.restart.RestartApplicationListener -- Restart disabled due to context in which it is running

  .   ____          _            __ _ _
 /\\ / ___'_ __ _ _(_)_ __  __ _ \ \ \ \
( ( )\___ | '_ | '_| | '_ \/ _` | \ \ \ \
 \\/  ___)| |_)| | | | | || (_| |  ) ) ) )
  '  |____| .__|_| |_|_| |_\__, | / / / /
 =========|_|==============|___/=/_/_/_/

 :: Spring Boot ::                (v3.4.2)

2025-03-03T21:34:55.848+01:00  INFO 23089 --- [tradingPlatform] [           main] a.i.t.TradingPlatformApplicationTests    : Starting TradingPlatformApplicationTests using Java 23.0.2 with PID 23089 (started by lauraikic in /Users/lauraikic/Desktop/GITREPOS/Trading-plattform)
2025-03-03T21:34:55.849+01:00  INFO 23089 --- [tradingPlatform] [           main] a.i.t.TradingPlatformApplicationTests    : No active profile set, falling back to 1 default profile: "default"
2025-03-03T21:34:56.210+01:00  INFO 23089 --- [tradingPlatform] [           main] .s.d.r.c.RepositoryConfigurationDelegate : Bootstrapping Spring Data JPA repositories in DEFAULT mode.
2025-03-03T21:34:56.238+01:00  INFO 23089 --- [tradingPlatform] [           main] .s.d.r.c.RepositoryConfigurationDelegate : Finished Spring Data repository scanning in 22 ms. Found 2 JPA repository interfaces.
2025-03-03T21:34:56.531+01:00  INFO 23089 --- [tradingPlatform] [           main] o.hibernate.jpa.internal.util.LogHelper  : HHH000204: Processing PersistenceUnitInfo [name: default]
2025-03-03T21:34:56.565+01:00  INFO 23089 --- [tradingPlatform] [           main] org.hibernate.Version                    : HHH000412: Hibernate ORM core version 6.6.5.Final
2025-03-03T21:34:56.585+01:00  INFO 23089 --- [tradingPlatform] [           main] o.h.c.internal.RegionFactoryInitiator    : HHH000026: Second-level cache disabled
2025-03-03T21:34:56.735+01:00  INFO 23089 --- [tradingPlatform] [           main] o.s.o.j.p.SpringPersistenceUnitInfo      : No LoadTimeWeaver setup: ignoring JPA class transformer
2025-03-03T21:34:56.750+01:00  INFO 23089 --- [tradingPlatform] [           main] com.zaxxer.hikari.HikariDataSource       : HikariPool-1 - Starting...
2025-03-03T21:34:56.981+01:00  INFO 23089 --- [tradingPlatform] [           main] com.zaxxer.hikari.pool.HikariPool        : HikariPool-1 - Added connection com.mysql.cj.jdbc.ConnectionImpl@4e96cb04
2025-03-03T21:34:56.982+01:00  INFO 23089 --- [tradingPlatform] [           main] com.zaxxer.hikari.HikariDataSource       : HikariPool-1 - Start completed.
2025-03-03T21:34:57.027+01:00  INFO 23089 --- [tradingPlatform] [           main] org.hibernate.orm.connections.pooling    : HHH10001005: Database info:
	Database JDBC URL [Connecting through datasource 'HikariDataSource (HikariPool-1)']
	Database driver: undefined/unknown
	Database version: 9.2
	Autocommit mode: undefined/unknown
	Isolation level: undefined/unknown
	Minimum pool size: undefined/unknown
	Maximum pool size: undefined/unknown
2025-03-03T21:34:57.650+01:00  INFO 23089 --- [tradingPlatform] [           main] o.h.e.t.j.p.i.JtaPlatformInitiator       : HHH000489: No JTA platform available (set 'hibernate.transaction.jta.platform' to enable JTA platform integration)
2025-03-03T21:34:57.681+01:00  INFO 23089 --- [tradingPlatform] [           main] j.LocalContainerEntityManagerFactoryBean : Initialized JPA EntityManagerFactory for persistence unit 'default'
2025-03-03T21:34:57.876+01:00  WARN 23089 --- [tradingPlatform] [           main] JpaBaseConfiguration$JpaWebConfiguration : spring.jpa.open-in-view is enabled by default. Therefore, database queries may be performed during view rendering. Explicitly configure spring.jpa.open-in-view to disable this warning
2025-03-03T21:34:57.897+01:00  INFO 23089 --- [tradingPlatform] [           main] r$InitializeUserDetailsManagerConfigurer : Global AuthenticationManager configured with UserDetailsService bean with name authService
2025-03-03T21:34:58.279+01:00  INFO 23089 --- [tradingPlatform] [           main] o.a.k.clients.consumer.ConsumerConfig    : ConsumerConfig values: 
	allow.auto.create.topics = true
	auto.commit.interval.ms = 5000
	auto.include.jmx.reporter = true
	auto.offset.reset = earliest
	bootstrap.servers = [localhost:9092]
	check.crcs = true
	client.dns.lookup = use_all_dns_ips
	client.id = consumer-cryptoGroup-1
	client.rack = 
	connections.max.idle.ms = 540000
	default.api.timeout.ms = 60000
	enable.auto.commit = true
	enable.metrics.push = true
	exclude.internal.topics = true
	fetch.max.bytes = 52428800
	fetch.max.wait.ms = 500
	fetch.min.bytes = 1
	group.id = cryptoGroup
	group.instance.id = null
	group.protocol = classic
	group.remote.assignor = null
	heartbeat.interval.ms = 3000
	interceptor.classes = []
	internal.leave.group.on.close = true
	internal.throw.on.fetch.stable.offset.unsupported = false
	isolation.level = read_uncommitted
	key.deserializer = class org.apache.kafka.common.serialization.StringDeserializer
	max.partition.fetch.bytes = 1048576
	max.poll.interval.ms = 300000
	max.poll.records = 500
	metadata.max.age.ms = 300000
	metadata.recovery.strategy = none
	metric.reporters = []
	metrics.num.samples = 2
	metrics.recording.level = INFO
	metrics.sample.window.ms = 30000
	partition.assignment.strategy = [class org.apache.kafka.clients.consumer.RangeAssignor, class org.apache.kafka.clients.consumer.CooperativeStickyAssignor]
	receive.buffer.bytes = 65536
	reconnect.backoff.max.ms = 1000
	reconnect.backoff.ms = 50
	request.timeout.ms = 30000
	retry.backoff.max.ms = 1000
	retry.backoff.ms = 100
	sasl.client.callback.handler.class = null
	sasl.jaas.config = null
	sasl.kerberos.kinit.cmd = /usr/bin/kinit
	sasl.kerberos.min.time.before.relogin = 60000
	sasl.kerberos.service.name = null
	sasl.kerberos.ticket.renew.jitter = 0.05
	sasl.kerberos.ticket.renew.window.factor = 0.8
	sasl.login.callback.handler.class = null
	sasl.login.class = null
	sasl.login.connect.timeout.ms = null
	sasl.login.read.timeout.ms = null
	sasl.login.refresh.buffer.seconds = 300
	sasl.login.refresh.min.period.seconds = 60
	sasl.login.refresh.window.factor = 0.8
	sasl.login.refresh.window.jitter = 0.05
	sasl.login.retry.backoff.max.ms = 10000
	sasl.login.retry.backoff.ms = 100
	sasl.mechanism = GSSAPI
	sasl.oauthbearer.clock.skew.seconds = 30
	sasl.oauthbearer.expected.audience = null
	sasl.oauthbearer.expected.issuer = null
	sasl.oauthbearer.jwks.endpoint.refresh.ms = 3600000
	sasl.oauthbearer.jwks.endpoint.retry.backoff.max.ms = 10000
	sasl.oauthbearer.jwks.endpoint.retry.backoff.ms = 100
	sasl.oauthbearer.jwks.endpoint.url = null
	sasl.oauthbearer.scope.claim.name = scope
	sasl.oauthbearer.sub.claim.name = sub
	sasl.oauthbearer.token.endpoint.url = null
	security.protocol = PLAINTEXT
	security.providers = null
	send.buffer.bytes = 131072
	session.timeout.ms = 45000
	socket.connection.setup.timeout.max.ms = 30000
	socket.connection.setup.timeout.ms = 10000
	ssl.cipher.suites = null
	ssl.enabled.protocols = [TLSv1.2, TLSv1.3]
	ssl.endpoint.identification.algorithm = https
	ssl.engine.factory.class = null
	ssl.key.password = null
	ssl.keymanager.algorithm = SunX509
	ssl.keystore.certificate.chain = null
	ssl.keystore.key = null
	ssl.keystore.location = null
	ssl.keystore.password = null
	ssl.keystore.type = JKS
	ssl.protocol = TLSv1.3
	ssl.provider = null
	ssl.secure.random.implementation = null
	ssl.trustmanager.algorithm = PKIX
	ssl.truststore.certificates = null
	ssl.truststore.location = null
	ssl.truststore.password = null
	ssl.truststore.type = JKS
	value.deserializer = class org.apache.kafka.common.serialization.StringDeserializer

2025-03-03T21:34:58.303+01:00  INFO 23089 --- [tradingPlatform] [           main] o.a.k.c.t.i.KafkaMetricsCollector        : initializing Kafka metrics collector
2025-03-03T21:34:58.397+01:00  INFO 23089 --- [tradingPlatform] [           main] o.a.kafka.common.utils.AppInfoParser     : Kafka version: 3.8.1
2025-03-03T21:34:58.397+01:00  INFO 23089 --- [tradingPlatform] [           main] o.a.kafka.common.utils.AppInfoParser     : Kafka commitId: 70d6ff42debf7e17
2025-03-03T21:34:58.398+01:00  INFO 23089 --- [tradingPlatform] [           main] o.a.kafka.common.utils.AppInfoParser     : Kafka startTimeMs: 1741034098397
2025-03-03T21:34:58.399+01:00  INFO 23089 --- [tradingPlatform] [           main] o.a.k.c.c.internals.LegacyKafkaConsumer  : [Consumer clientId=consumer-cryptoGroup-1, groupId=cryptoGroup] Subscribed to topic(s): cryptoCoinTopic
2025-03-03T21:34:58.409+01:00  INFO 23089 --- [tradingPlatform] [           main] a.i.t.TradingPlatformApplicationTests    : Started TradingPlatformApplicationTests in 2.725 seconds (process running for 3.378)
2025-03-03T21:34:58.586+01:00  INFO 23089 --- [tradingPlatform] [ntainer#0-0-C-1] org.apache.kafka.clients.Metadata        : [Consumer clientId=consumer-cryptoGroup-1, groupId=cryptoGroup] Cluster ID: wMhUzcdAQJKJWBof2a793A
2025-03-03T21:34:58.588+01:00  INFO 23089 --- [tradingPlatform] [ntainer#0-0-C-1] o.a.k.c.c.internals.ConsumerCoordinator  : [Consumer clientId=consumer-cryptoGroup-1, groupId=cryptoGroup] Discovered group coordinator lauras-mbp:9092 (id: 2147483647 rack: null)
2025-03-03T21:34:58.604+01:00  INFO 23089 --- [tradingPlatform] [ntainer#0-0-C-1] o.a.k.c.c.internals.ConsumerCoordinator  : [Consumer clientId=consumer-cryptoGroup-1, groupId=cryptoGroup] (Re-)joining group
2025-03-03T21:34:58.618+01:00  INFO 23089 --- [tradingPlatform] [ntainer#0-0-C-1] o.a.k.c.c.internals.ConsumerCoordinator  : [Consumer clientId=consumer-cryptoGroup-1, groupId=cryptoGroup] Request joining group due to: need to re-join with the given member-id: consumer-cryptoGroup-1-cce65389-0da5-4492-aa8b-4ef68c9dd545
2025-03-03T21:34:58.618+01:00  INFO 23089 --- [tradingPlatform] [ntainer#0-0-C-1] o.a.k.c.c.internals.ConsumerCoordinator  : [Consumer clientId=consumer-cryptoGroup-1, groupId=cryptoGroup] (Re-)joining group
2025-03-03T21:34:58.637+01:00  INFO 23089 --- [tradingPlatform] [ntainer#0-0-C-1] o.a.k.c.c.internals.ConsumerCoordinator  : [Consumer clientId=consumer-cryptoGroup-1, groupId=cryptoGroup] Successfully joined group with generation Generation{generationId=3, memberId='consumer-cryptoGroup-1-cce65389-0da5-4492-aa8b-4ef68c9dd545', protocol='range'}
2025-03-03T21:34:58.641+01:00  INFO 23089 --- [tradingPlatform] [ntainer#0-0-C-1] o.a.k.c.c.internals.ConsumerCoordinator  : [Consumer clientId=consumer-cryptoGroup-1, groupId=cryptoGroup] Finished assignment for group at generation 3: {consumer-cryptoGroup-1-cce65389-0da5-4492-aa8b-4ef68c9dd545=Assignment(partitions=[cryptoCoinTopic-0])}
2025-03-03T21:34:58.650+01:00  INFO 23089 --- [tradingPlatform] [ntainer#0-0-C-1] o.a.k.c.c.internals.ConsumerCoordinator  : [Consumer clientId=consumer-cryptoGroup-1, groupId=cryptoGroup] Successfully synced group in generation Generation{generationId=3, memberId='consumer-cryptoGroup-1-cce65389-0da5-4492-aa8b-4ef68c9dd545', protocol='range'}
2025-03-03T21:34:58.650+01:00  INFO 23089 --- [tradingPlatform] [ntainer#0-0-C-1] o.a.k.c.c.internals.ConsumerCoordinator  : [Consumer clientId=consumer-cryptoGroup-1, groupId=cryptoGroup] Notifying assignor about the new Assignment(partitions=[cryptoCoinTopic-0])
2025-03-03T21:34:58.652+01:00  INFO 23089 --- [tradingPlatform] [ntainer#0-0-C-1] k.c.c.i.ConsumerRebalanceListenerInvoker : [Consumer clientId=consumer-cryptoGroup-1, groupId=cryptoGroup] Adding newly assigned partitions: cryptoCoinTopic-0
2025-03-03T21:34:58.658+01:00  INFO 23089 --- [tradingPlatform] [ntainer#0-0-C-1] o.a.k.c.c.internals.ConsumerUtils        : Setting offset for partition cryptoCoinTopic-0 to the committed offset FetchPosition{offset=0, offsetEpoch=Optional.empty, currentLeader=LeaderAndEpoch{leader=Optional[lauras-mbp:9092 (id: 0 rack: null)], epoch=0}}
2025-03-03T21:34:58.659+01:00  INFO 23089 --- [tradingPlatform] [ntainer#0-0-C-1] o.s.k.l.KafkaMessageListenerContainer    : cryptoGroup: partitions assigned: [cryptoCoinTopic-0]
2025-03-03T21:34:58.682+01:00  INFO 23089 --- [tradingPlatform] [   scheduling-1] o.a.k.clients.producer.ProducerConfig    : ProducerConfig values: 
	acks = -1
	auto.include.jmx.reporter = true
	batch.size = 16384
	bootstrap.servers = [localhost:9092]
	buffer.memory = 33554432
	client.dns.lookup = use_all_dns_ips
	client.id = producer-1
	compression.gzip.level = -1
	compression.lz4.level = 9
	compression.type = none
	compression.zstd.level = 3
	connections.max.idle.ms = 540000
	delivery.timeout.ms = 120000
	enable.idempotence = true
	enable.metrics.push = true
	interceptor.classes = []
	key.serializer = class com.fasterxml.jackson.databind.ser.std.StringSerializer
	linger.ms = 0
	max.block.ms = 60000
	max.in.flight.requests.per.connection = 5
	max.request.size = 1048576
	metadata.max.age.ms = 300000
	metadata.max.idle.ms = 300000
	metadata.recovery.strategy = none
	metric.reporters = []
	metrics.num.samples = 2
	metrics.recording.level = INFO
	metrics.sample.window.ms = 30000
	partitioner.adaptive.partitioning.enable = true
	partitioner.availability.timeout.ms = 0
	partitioner.class = null
	partitioner.ignore.keys = false
	receive.buffer.bytes = 32768
	reconnect.backoff.max.ms = 1000
	reconnect.backoff.ms = 50
	request.timeout.ms = 30000
	retries = 2147483647
	retry.backoff.max.ms = 1000
	retry.backoff.ms = 100
	sasl.client.callback.handler.class = null
	sasl.jaas.config = null
	sasl.kerberos.kinit.cmd = /usr/bin/kinit
	sasl.kerberos.min.time.before.relogin = 60000
	sasl.kerberos.service.name = null
	sasl.kerberos.ticket.renew.jitter = 0.05
	sasl.kerberos.ticket.renew.window.factor = 0.8
	sasl.login.callback.handler.class = null
	sasl.login.class = null
	sasl.login.connect.timeout.ms = null
	sasl.login.read.timeout.ms = null
	sasl.login.refresh.buffer.seconds = 300
	sasl.login.refresh.min.period.seconds = 60
	sasl.login.refresh.window.factor = 0.8
	sasl.login.refresh.window.jitter = 0.05
	sasl.login.retry.backoff.max.ms = 10000
	sasl.login.retry.backoff.ms = 100
	sasl.mechanism = GSSAPI
	sasl.oauthbearer.clock.skew.seconds = 30
	sasl.oauthbearer.expected.audience = null
	sasl.oauthbearer.expected.issuer = null
	sasl.oauthbearer.jwks.endpoint.refresh.ms = 3600000
	sasl.oauthbearer.jwks.endpoint.retry.backoff.max.ms = 10000
	sasl.oauthbearer.jwks.endpoint.retry.backoff.ms = 100
	sasl.oauthbearer.jwks.endpoint.url = null
	sasl.oauthbearer.scope.claim.name = scope
	sasl.oauthbearer.sub.claim.name = sub
	sasl.oauthbearer.token.endpoint.url = null
	security.protocol = PLAINTEXT
	security.providers = null
	send.buffer.bytes = 131072
	socket.connection.setup.timeout.max.ms = 30000
	socket.connection.setup.timeout.ms = 10000
	ssl.cipher.suites = null
	ssl.enabled.protocols = [TLSv1.2, TLSv1.3]
	ssl.endpoint.identification.algorithm = https
	ssl.engine.factory.class = null
	ssl.key.password = null
	ssl.keymanager.algorithm = SunX509
	ssl.keystore.certificate.chain = null
	ssl.keystore.key = null
	ssl.keystore.location = null
	ssl.keystore.password = null
	ssl.keystore.type = JKS
	ssl.protocol = TLSv1.3
	ssl.provider = null
	ssl.secure.random.implementation = null
	ssl.trustmanager.algorithm = PKIX
	ssl.truststore.certificates = null
	ssl.truststore.location = null
	ssl.truststore.password = null
	ssl.truststore.type = JKS
	transaction.timeout.ms = 60000
	transactional.id = null
	value.serializer = class com.fasterxml.jackson.databind.ser.std.ByteArraySerializer

2025-03-03T21:34:58.683+01:00  INFO 23089 --- [tradingPlatform] [   scheduling-1] o.a.k.c.t.i.KafkaMetricsCollector        : initializing Kafka metrics collector
2025-03-03T21:34:58.685+01:00  INFO 23089 --- [tradingPlatform] [   scheduling-1] o.a.k.clients.producer.KafkaProducer     : [Producer clientId=producer-1] Closing the Kafka producer with timeoutMillis = 0 ms.
2025-03-03T21:34:58.686+01:00  INFO 23089 --- [tradingPlatform] [   scheduling-1] o.apache.kafka.common.metrics.Metrics    : Metrics scheduler closed
2025-03-03T21:34:58.686+01:00  INFO 23089 --- [tradingPlatform] [   scheduling-1] o.apache.kafka.common.metrics.Metrics    : Closing reporter org.apache.kafka.common.metrics.JmxReporter
2025-03-03T21:34:58.686+01:00  INFO 23089 --- [tradingPlatform] [   scheduling-1] o.apache.kafka.common.metrics.Metrics    : Closing reporter org.apache.kafka.common.telemetry.internals.ClientTelemetryReporter
2025-03-03T21:34:58.687+01:00  INFO 23089 --- [tradingPlatform] [   scheduling-1] o.apache.kafka.common.metrics.Metrics    : Metrics reporters closed
2025-03-03T21:34:58.687+01:00  INFO 23089 --- [tradingPlatform] [   scheduling-1] o.a.kafka.common.utils.AppInfoParser     : App info kafka.producer for producer-1 unregistered
2025-03-03T21:34:58.687+01:00 ERROR 23089 --- [tradingPlatform] [   scheduling-1] o.s.s.s.TaskUtils$LoggingErrorHandler    : Unexpected error occurred in scheduled task

org.apache.kafka.common.KafkaException: Failed to construct kafka producer
	at org.apache.kafka.clients.producer.KafkaProducer.<init>(KafkaProducer.java:474) ~[kafka-clients-3.8.1.jar:na]
	at org.apache.kafka.clients.producer.KafkaProducer.<init>(KafkaProducer.java:295) ~[kafka-clients-3.8.1.jar:na]
	at org.springframework.kafka.core.DefaultKafkaProducerFactory.createRawProducer(DefaultKafkaProducerFactory.java:944) ~[spring-kafka-3.3.2.jar:3.3.2]
	at org.springframework.kafka.core.DefaultKafkaProducerFactory.createKafkaProducer(DefaultKafkaProducerFactory.java:826) ~[spring-kafka-3.3.2.jar:3.3.2]
	at org.springframework.kafka.core.DefaultKafkaProducerFactory.doCreateProducer(DefaultKafkaProducerFactory.java:793) ~[spring-kafka-3.3.2.jar:3.3.2]
	at org.springframework.kafka.core.DefaultKafkaProducerFactory.createProducer(DefaultKafkaProducerFactory.java:768) ~[spring-kafka-3.3.2.jar:3.3.2]
	at org.springframework.kafka.core.DefaultKafkaProducerFactory.createProducer(DefaultKafkaProducerFactory.java:762) ~[spring-kafka-3.3.2.jar:3.3.2]
	at org.springframework.kafka.core.KafkaTemplate.getTheProducer(KafkaTemplate.java:976) ~[spring-kafka-3.3.2.jar:3.3.2]
	at org.springframework.kafka.core.KafkaTemplate.doSend(KafkaTemplate.java:828) ~[spring-kafka-3.3.2.jar:3.3.2]
	at org.springframework.kafka.core.KafkaTemplate.observeSend(KafkaTemplate.java:805) ~[spring-kafka-3.3.2.jar:3.3.2]
	at org.springframework.kafka.core.KafkaTemplate.send(KafkaTemplate.java:582) ~[spring-kafka-3.3.2.jar:3.3.2]
	at at.ikic.tradingPlatform.Service.CoinService.fetchCoinData(CoinService.java:26) ~[classes/:na]
	at java.base/jdk.internal.reflect.DirectMethodHandleAccessor.invoke(DirectMethodHandleAccessor.java:103) ~[na:na]
	at java.base/java.lang.reflect.Method.invoke(Method.java:580) ~[na:na]
	at org.springframework.scheduling.support.ScheduledMethodRunnable.runInternal(ScheduledMethodRunnable.java:130) ~[spring-context-6.2.2.jar:6.2.2]
	at org.springframework.scheduling.support.ScheduledMethodRunnable.lambda$run$2(ScheduledMethodRunnable.java:124) ~[spring-context-6.2.2.jar:6.2.2]
	at io.micrometer.observation.Observation.observe(Observation.java:498) ~[micrometer-observation-1.14.3.jar:1.14.3]
	at org.springframework.scheduling.support.ScheduledMethodRunnable.run(ScheduledMethodRunnable.java:124) ~[spring-context-6.2.2.jar:6.2.2]
	at org.springframework.scheduling.config.Task$OutcomeTrackingRunnable.run(Task.java:85) ~[spring-context-6.2.2.jar:6.2.2]
	at org.springframework.scheduling.support.DelegatingErrorHandlingRunnable.run(DelegatingErrorHandlingRunnable.java:54) ~[spring-context-6.2.2.jar:6.2.2]
	at java.base/java.util.concurrent.Executors$RunnableAdapter.call(Executors.java:572) ~[na:na]
	at java.base/java.util.concurrent.FutureTask.runAndReset(FutureTask.java:358) ~[na:na]
	at java.base/java.util.concurrent.ScheduledThreadPoolExecutor$ScheduledFutureTask.run(ScheduledThreadPoolExecutor.java:305) ~[na:na]
	at java.base/java.util.concurrent.ThreadPoolExecutor.runWorker(ThreadPoolExecutor.java:1144) ~[na:na]
	at java.base/java.util.concurrent.ThreadPoolExecutor$Worker.run(ThreadPoolExecutor.java:642) ~[na:na]
	at java.base/java.lang.Thread.run(Thread.java:1575) ~[na:na]
Caused by: org.apache.kafka.common.KafkaException: class com.fasterxml.jackson.databind.ser.std.StringSerializer is not an instance of org.apache.kafka.common.serialization.Serializer
	at org.apache.kafka.common.config.AbstractConfig.getConfiguredInstance(AbstractConfig.java:402) ~[kafka-clients-3.8.1.jar:na]
	at org.apache.kafka.common.config.AbstractConfig.getConfiguredInstance(AbstractConfig.java:436) ~[kafka-clients-3.8.1.jar:na]
	at org.apache.kafka.common.config.AbstractConfig.getConfiguredInstance(AbstractConfig.java:421) ~[kafka-clients-3.8.1.jar:na]
	at org.apache.kafka.clients.producer.KafkaProducer.<init>(KafkaProducer.java:388) ~[kafka-clients-3.8.1.jar:na]
	... 25 common frames omitted

]]></system-out>
    <system-err><![CDATA[Mar 03, 2025 9:34:55 PM org.junit.platform.launcher.core.LauncherConfigurationParameters loadClasspathResource
WARNING: Discovered 3 'junit-platform.properties' configuration files on the classpath (see below); only the first (*) will be used.
- jar:file:/Users/lauraikic/.m2/repository/org/apache/kafka/kafka-clients/3.8.1/kafka-clients-3.8.1-test.jar!/junit-platform.properties (*)
- jar:file:/Users/lauraikic/.m2/repository/org/apache/kafka/kafka-server-common/3.8.1/kafka-server-common-3.8.1-test.jar!/junit-platform.properties
- jar:file:/Users/lauraikic/.m2/repository/org/apache/kafka/kafka_2.13/3.8.1/kafka_2.13-3.8.1-test.jar!/junit-platform.properties
Mar 03, 2025 9:34:55 PM org.junit.platform.launcher.core.LauncherConfigurationParameters loadClasspathResource
WARNING: Discovered 3 'junit-platform.properties' configuration files on the classpath (see below); only the first (*) will be used.
- jar:file:/Users/lauraikic/.m2/repository/org/apache/kafka/kafka-clients/3.8.1/kafka-clients-3.8.1-test.jar!/junit-platform.properties (*)
- jar:file:/Users/lauraikic/.m2/repository/org/apache/kafka/kafka-server-common/3.8.1/kafka-server-common-3.8.1-test.jar!/junit-platform.properties
- jar:file:/Users/lauraikic/.m2/repository/org/apache/kafka/kafka_2.13/3.8.1/kafka_2.13-3.8.1-test.jar!/junit-platform.properties
Mar 03, 2025 9:34:55 PM org.junit.platform.launcher.core.LauncherConfigurationParameters loadClasspathResource
WARNING: Discovered 3 'junit-platform.properties' configuration files on the classpath (see below); only the first (*) will be used.
- jar:file:/Users/lauraikic/.m2/repository/org/apache/kafka/kafka-clients/3.8.1/kafka-clients-3.8.1-test.jar!/junit-platform.properties (*)
- jar:file:/Users/lauraikic/.m2/repository/org/apache/kafka/kafka-server-common/3.8.1/kafka-server-common-3.8.1-test.jar!/junit-platform.properties
- jar:file:/Users/lauraikic/.m2/repository/org/apache/kafka/kafka_2.13/3.8.1/kafka_2.13-3.8.1-test.jar!/junit-platform.properties
Mockito is currently self-attaching to enable the inline-mock-maker. This will no longer work in future releases of the JDK. Please add Mockito as an agent to your build what is described in Mockito's documentation: https://javadoc.io/doc/org.mockito/mockito-core/latest/org/mockito/Mockito.html#0.3
WARNING: A Java agent has been loaded dynamically (/Users/lauraikic/.m2/repository/net/bytebuddy/byte-buddy-agent/1.15.11/byte-buddy-agent-1.15.11.jar)
WARNING: If a serviceability tool is in use, please run with -XX:+EnableDynamicAgentLoading to hide this warning
WARNING: If a serviceability tool is not in use, please run with -Djdk.instrument.traceUsage for more information
WARNING: Dynamic loading of agents will be disallowed by default in a future release
]]></system-err>
  </testcase>
</testsuite>